{"contracts/FiatToken.sol":{"l":{},"path":"/home/ajunge/work/cclp-project/cclp-contracts/contracts/FiatToken.sol","s":{},"b":{},"f":{"1":2},"fnMap":{"1":{"name":null,"line":10,"loc":{"start":{"line":10,"column":4},"end":{"line":22,"column":5}}}},"statementMap":{},"branchMap":{}},"contracts/MasterMinter.sol":{"l":{"14":2,"21":4,"22":2,"26":2,"30":0,"34":0,"35":0,"36":0},"path":"/home/ajunge/work/cclp-project/cclp-contracts/contracts/MasterMinter.sol","s":{"1":2,"2":4,"3":2,"4":0,"5":0,"6":0,"7":0},"b":{"1":[2,2],"2":[0,0]},"f":{"1":2,"2":4,"3":2,"4":0,"5":0},"fnMap":{"1":{"name":null,"line":13,"loc":{"start":{"line":13,"column":4},"end":{"line":13,"column":43}}},"2":{"name":"onlyMasterMinter","line":20,"loc":{"start":{"line":20,"column":4},"end":{"line":20,"column":29}}},"3":{"name":"addMinter","line":25,"loc":{"start":{"line":25,"column":4},"end":{"line":25,"column":61}}},"4":{"name":"removeMinter","line":29,"loc":{"start":{"line":29,"column":4},"end":{"line":29,"column":64}}},"5":{"name":"updateMasterMinter","line":33,"loc":{"start":{"line":33,"column":4},"end":{"line":33,"column":79}}}},"statementMap":{"1":{"start":{"line":14,"column":8},"end":{"line":14,"column":35}},"2":{"start":{"line":21,"column":8},"end":{"line":21,"column":73}},"3":{"start":{"line":26,"column":8},"end":{"line":26,"column":26}},"4":{"start":{"line":30,"column":8},"end":{"line":30,"column":29}},"5":{"start":{"line":34,"column":8},"end":{"line":34,"column":139}},"6":{"start":{"line":35,"column":8},"end":{"line":35,"column":38}},"7":{"start":{"line":36,"column":8},"end":{"line":36,"column":46}}},"branchMap":{"1":{"line":21,"type":"if","locations":[{"start":{"line":21,"column":8},"end":{"line":21,"column":8}},{"start":{"line":21,"column":8},"end":{"line":21,"column":8}}]},"2":{"line":34,"type":"if","locations":[{"start":{"line":34,"column":8},"end":{"line":34,"column":8}},{"start":{"line":34,"column":8},"end":{"line":34,"column":8}}]}}}}